<?xml version="1.0" encoding="UTF-8"?>
<testng-results ignored="0" total="1" passed="1" failed="0" skipped="0">
  <reporter-output>
  </reporter-output>
  <suite started-at="2026-02-23T12:51:20 IST" name="Default suite" finished-at="2026-02-23T12:51:28 IST" duration-ms="7425">
    <groups>
    </groups>
    <test started-at="2026-02-23T12:51:20 IST" name="Default test" finished-at="2026-02-23T12:51:28 IST" duration-ms="7425">
      <class name="SelMAV_TNG_PACKAGE.DEL_API">
        <test-method signature="delete()[pri:0, instance:SelMAV_TNG_PACKAGE.DEL_API@618b19ad]" started-at="2026-02-23T12:51:20 IST" name="delete" finished-at="2026-02-23T12:51:28 IST" duration-ms="7310" status="PASS">
          <reporter-output>
          </reporter-output>
        </test-method> <!-- delete -->
      </class> <!-- SelMAV_TNG_PACKAGE.DEL_API -->
    </test> <!-- Default test -->
  </suite> <!-- Default suite -->
</testng-results>
