<?xml version="1.0" encoding="UTF-8"?>
<!-- Generated by org.testng.reporters.JUnitReportReporter -->
<testsuite hostname="NIVEDITHA" failures="0" tests="3" name="SelMAV_TNG_PACKAGE.LOGINTEST" time="20.397" errors="0" timestamp="2026-02-18T10:53:22 IST" skipped="0">
  <testcase classname="SelMAV_TNG_PACKAGE.LOGINTEST" name="loginTest" time="8.973"/>
  <testcase classname="SelMAV_TNG_PACKAGE.LOGINTEST" name="loginTest" time="5.328"/>
  <testcase classname="SelMAV_TNG_PACKAGE.LOGINTEST" name="loginTest" time="6.096"/>
</testsuite> <!-- SelMAV_TNG_PACKAGE.LOGINTEST -->
