<?xml version="1.0" encoding="UTF-8"?>
<!-- Generated by org.testng.reporters.JUnitReportReporter -->
<testsuite hostname="NIVEDITHA" failures="0" tests="3" name="SelMAV_TNG_PACKAGE.LOGIN_CSV" time="20.334" errors="0" timestamp="2026-02-18T11:01:09 IST" skipped="0">
  <testcase classname="SelMAV_TNG_PACKAGE.LOGIN_CSV" name="loginTest" time="5.885"/>
  <testcase classname="SelMAV_TNG_PACKAGE.LOGIN_CSV" name="loginTest" time="7.617"/>
  <testcase classname="SelMAV_TNG_PACKAGE.LOGIN_CSV" name="loginTest" time="6.832"/>
</testsuite> <!-- SelMAV_TNG_PACKAGE.LOGIN_CSV -->
